<?xml version="1.0" encoding="UTF-8"?>
<!-- Generated by org.testng.reporters.JUnitReportReporter -->
<testsuite hostname="DESKTOP-0JBNS5R" failures="0" tests="1" name="testlayer.MyAccountTabTests" time="18.809" errors="0" timestamp="2021-09-19T15:22:25 EDT" skipped="0">
  <testcase classname="testlayer.MyAccountTabTests" name="cartbutton" time="18.809"/>
  <system-out/>
</testsuite> <!-- testlayer.MyAccountTabTests -->
